<?xml version="1.0" encoding="UTF-8"?>
<robot generator="Robot 3.1.1 (Python 3.8.7 on win32)" generated="20210603 14:26:52.068" rpa="false">
<suite id="s1" name="Robot Framework One" source="E:\FrameWork-Robot\Robot_Framework_One">
<suite id="s1-s1" name="Test" source="E:\FrameWork-Robot\Robot_Framework_One\Test">
<suite id="s1-s1-s1" name="Dsdsdf" source="E:\FrameWork-Robot\Robot_Framework_One\Test\dsdsdf.robot">
<test id="s1-s1-s1-t1" name="MyFirstSeleniumTest">
<kw name="Open Browser" library="SeleniumLibrary">
<doc>Opens a new browser instance to the given ``url``.</doc>
<arguments>
<arg>https://www.google.com/</arg>
<arg>chrome</arg>
</arguments>
<msg timestamp="20210603 14:26:53.502" level="INFO">Opening browser 'chrome' to base url 'https://www.google.com/'.</msg>
<status status="PASS" starttime="20210603 14:26:53.500" endtime="20210603 14:27:18.914"></status>
</kw>
<kw name="Close Browser" library="SeleniumLibrary">
<doc>Closes the current browser.</doc>
<status status="PASS" starttime="20210603 14:27:18.915" endtime="20210603 14:27:21.839"></status>
</kw>
<status status="PASS" starttime="20210603 14:26:53.497" endtime="20210603 14:27:21.840" critical="yes"></status>
</test>
<status status="PASS" starttime="20210603 14:26:52.912" endtime="20210603 14:27:21.843"></status>
</suite>
<status status="PASS" starttime="20210603 14:26:52.903" endtime="20210603 14:27:21.852"></status>
</suite>
<status status="PASS" starttime="20210603 14:26:52.828" endtime="20210603 14:27:21.859"></status>
</suite>
<statistics>
<total>
<stat pass="1" fail="0">Critical Tests</stat>
<stat pass="1" fail="0">All Tests</stat>
</total>
<tag>
</tag>
<suite>
<stat pass="1" fail="0" id="s1" name="Robot Framework One">Robot Framework One</stat>
<stat pass="1" fail="0" id="s1-s1" name="Test">Robot Framework One.Test</stat>
<stat pass="1" fail="0" id="s1-s1-s1" name="Dsdsdf">Robot Framework One.Test.Dsdsdf</stat>
</suite>
</statistics>
<errors>
</errors>
</robot>
